[2022-08-16T18:24:09.589] [ERROR] archivo - TypeError: Cannot read properties of undefined (reading 'mostrarTodo')
    at mostrarTodo (C:\Users\Usuario\Documents\programacion\Backend\proyecto\ProyectoFinal_UenoValeria\src\controllers\productos\producto.controller.js:8:46)
    at Layer.handle [as handle_request] (C:\Users\Usuario\Documents\programacion\Backend\proyecto\ProyectoFinal_UenoValeria\node_modules\express\lib\router\layer.js:95:5)
    at next (C:\Users\Usuario\Documents\programacion\Backend\proyecto\ProyectoFinal_UenoValeria\node_modules\express\lib\router\route.js:137:13)
    at Route.dispatch (C:\Users\Usuario\Documents\programacion\Backend\proyecto\ProyectoFinal_UenoValeria\node_modules\express\lib\router\route.js:112:3)
    at Layer.handle [as handle_request] (C:\Users\Usuario\Documents\programacion\Backend\proyecto\ProyectoFinal_UenoValeria\node_modules\express\lib\router\layer.js:95:5)
    at C:\Users\Usuario\Documents\programacion\Backend\proyecto\ProyectoFinal_UenoValeria\node_modules\express\lib\router\index.js:281:22
    at Function.process_params (C:\Users\Usuario\Documents\programacion\Backend\proyecto\ProyectoFinal_UenoValeria\node_modules\express\lib\router\index.js:341:12)
    at next (C:\Users\Usuario\Documents\programacion\Backend\proyecto\ProyectoFinal_UenoValeria\node_modules\express\lib\router\index.js:275:10)
    at Function.handle (C:\Users\Usuario\Documents\programacion\Backend\proyecto\ProyectoFinal_UenoValeria\node_modules\express\lib\router\index.js:174:3)
    at router (C:\Users\Usuario\Documents\programacion\Backend\proyecto\ProyectoFinal_UenoValeria\node_modules\express\lib\router\index.js:47:12)
[2022-08-16T18:24:25.866] [ERROR] archivo - TypeError: Cannot read properties of undefined (reading 'mostrarTodo')
    at mostrarTodo (C:\Users\Usuario\Documents\programacion\Backend\proyecto\ProyectoFinal_UenoValeria\src\controllers\productos\producto.controller.js:8:46)
    at Layer.handle [as handle_request] (C:\Users\Usuario\Documents\programacion\Backend\proyecto\ProyectoFinal_UenoValeria\node_modules\express\lib\router\layer.js:95:5)
    at next (C:\Users\Usuario\Documents\programacion\Backend\proyecto\ProyectoFinal_UenoValeria\node_modules\express\lib\router\route.js:137:13)
    at Route.dispatch (C:\Users\Usuario\Documents\programacion\Backend\proyecto\ProyectoFinal_UenoValeria\node_modules\express\lib\router\route.js:112:3)
    at Layer.handle [as handle_request] (C:\Users\Usuario\Documents\programacion\Backend\proyecto\ProyectoFinal_UenoValeria\node_modules\express\lib\router\layer.js:95:5)
    at C:\Users\Usuario\Documents\programacion\Backend\proyecto\ProyectoFinal_UenoValeria\node_modules\express\lib\router\index.js:281:22
    at Function.process_params (C:\Users\Usuario\Documents\programacion\Backend\proyecto\ProyectoFinal_UenoValeria\node_modules\express\lib\router\index.js:341:12)
    at next (C:\Users\Usuario\Documents\programacion\Backend\proyecto\ProyectoFinal_UenoValeria\node_modules\express\lib\router\index.js:275:10)
    at Function.handle (C:\Users\Usuario\Documents\programacion\Backend\proyecto\ProyectoFinal_UenoValeria\node_modules\express\lib\router\index.js:174:3)
    at router (C:\Users\Usuario\Documents\programacion\Backend\proyecto\ProyectoFinal_UenoValeria\node_modules\express\lib\router\index.js:47:12)
[2022-08-16T18:25:27.129] [ERROR] archivo - TypeError: Cannot read properties of undefined (reading 'mostrarTodo')
    at mostrarTodo (C:\Users\Usuario\Documents\programacion\Backend\proyecto\ProyectoFinal_UenoValeria\src\controllers\productos\producto.controller.js:8:46)
    at Layer.handle [as handle_request] (C:\Users\Usuario\Documents\programacion\Backend\proyecto\ProyectoFinal_UenoValeria\node_modules\express\lib\router\layer.js:95:5)
    at next (C:\Users\Usuario\Documents\programacion\Backend\proyecto\ProyectoFinal_UenoValeria\node_modules\express\lib\router\route.js:137:13)
    at Route.dispatch (C:\Users\Usuario\Documents\programacion\Backend\proyecto\ProyectoFinal_UenoValeria\node_modules\express\lib\router\route.js:112:3)
    at Layer.handle [as handle_request] (C:\Users\Usuario\Documents\programacion\Backend\proyecto\ProyectoFinal_UenoValeria\node_modules\express\lib\router\layer.js:95:5)
    at C:\Users\Usuario\Documents\programacion\Backend\proyecto\ProyectoFinal_UenoValeria\node_modules\express\lib\router\index.js:281:22
    at Function.process_params (C:\Users\Usuario\Documents\programacion\Backend\proyecto\ProyectoFinal_UenoValeria\node_modules\express\lib\router\index.js:341:12)
    at next (C:\Users\Usuario\Documents\programacion\Backend\proyecto\ProyectoFinal_UenoValeria\node_modules\express\lib\router\index.js:275:10)
    at Function.handle (C:\Users\Usuario\Documents\programacion\Backend\proyecto\ProyectoFinal_UenoValeria\node_modules\express\lib\router\index.js:174:3)
    at router (C:\Users\Usuario\Documents\programacion\Backend\proyecto\ProyectoFinal_UenoValeria\node_modules\express\lib\router\index.js:47:12)
[2022-08-16T18:27:15.380] [ERROR] archivo - TypeError: Cannot read properties of undefined (reading 'mostrarTodo')
    at mostrarTodo (C:\Users\Usuario\Documents\programacion\Backend\proyecto\ProyectoFinal_UenoValeria\src\controllers\productos\producto.controller.js:8:46)
    at Layer.handle [as handle_request] (C:\Users\Usuario\Documents\programacion\Backend\proyecto\ProyectoFinal_UenoValeria\node_modules\express\lib\router\layer.js:95:5)
    at next (C:\Users\Usuario\Documents\programacion\Backend\proyecto\ProyectoFinal_UenoValeria\node_modules\express\lib\router\route.js:137:13)
    at Route.dispatch (C:\Users\Usuario\Documents\programacion\Backend\proyecto\ProyectoFinal_UenoValeria\node_modules\express\lib\router\route.js:112:3)
    at Layer.handle [as handle_request] (C:\Users\Usuario\Documents\programacion\Backend\proyecto\ProyectoFinal_UenoValeria\node_modules\express\lib\router\layer.js:95:5)
    at C:\Users\Usuario\Documents\programacion\Backend\proyecto\ProyectoFinal_UenoValeria\node_modules\express\lib\router\index.js:281:22
    at Function.process_params (C:\Users\Usuario\Documents\programacion\Backend\proyecto\ProyectoFinal_UenoValeria\node_modules\express\lib\router\index.js:341:12)
    at next (C:\Users\Usuario\Documents\programacion\Backend\proyecto\ProyectoFinal_UenoValeria\node_modules\express\lib\router\index.js:275:10)
    at Function.handle (C:\Users\Usuario\Documents\programacion\Backend\proyecto\ProyectoFinal_UenoValeria\node_modules\express\lib\router\index.js:174:3)
    at router (C:\Users\Usuario\Documents\programacion\Backend\proyecto\ProyectoFinal_UenoValeria\node_modules\express\lib\router\index.js:47:12)
[2022-08-16T18:27:45.148] [ERROR] archivo - TypeError: Cannot read properties of undefined (reading 'guardar')
    at guardarProducto (C:\Users\Usuario\Documents\programacion\Backend\proyecto\ProyectoFinal_UenoValeria\src\controllers\productos\producto.controller.js:19:46)
    at process.processTicksAndRejections (node:internal/process/task_queues:95:5)
